****                   ADMIXTURE Version 1.3.0                  ****
****                    Copyright 2008-2015                     ****
****           David Alexander, Suyash Shringarpure,            ****
****                John  Novembre, Ken Lange                   ****
****                                                            ****
****                 Please cite our paper!                     ****
****   Information at www.genetics.ucla.edu/software/admixture  ****

Cross-validation will be performed.  Folds=5.
Random seed: 43
Point estimation method: Block relaxation algorithm
Convergence acceleration algorithm: QuasiNewton, 3 secant conditions
Point estimation will terminate when objective function delta < 0.0001
Estimation of standard errors disabled; will compute point estimates only.
Size of G: 165x36931
Performing five EM steps to prime main algorithm
1 (EM) 	Elapsed: 0.468	Loglikelihood: -6.17286e+06	(delta): 4.23833e+06
2 (EM) 	Elapsed: 0.46	Loglikelihood: -6.00576e+06	(delta): 167102
3 (EM) 	Elapsed: 0.45	Loglikelihood: -5.95478e+06	(delta): 50974.4
4 (EM) 	Elapsed: 0.457	Loglikelihood: -5.93129e+06	(delta): 23492.2
5 (EM) 	Elapsed: 0.449	Loglikelihood: -5.91984e+06	(delta): 11452
Initial loglikelihood: -5.91984e+06
Starting main algorithm
1 (QN/Block) 	Elapsed: 1.196	Loglikelihood: -5.75517e+06	(delta): 164672
2 (QN/Block) 	Elapsed: 1.163	Loglikelihood: -5.70905e+06	(delta): 46115
3 (QN/Block) 	Elapsed: 1.336	Loglikelihood: -5.70225e+06	(delta): 6806.31
4 (QN/Block) 	Elapsed: 1.538	Loglikelihood: -5.69841e+06	(delta): 3836.85
5 (QN/Block) 	Elapsed: 1.394	Loglikelihood: -5.69713e+06	(delta): 1275.75
6 (QN/Block) 	Elapsed: 1.543	Loglikelihood: -5.6968e+06	(delta): 331.117
7 (QN/Block) 	Elapsed: 1.308	Loglikelihood: -5.69679e+06	(delta): 15.9089
8 (QN/Block) 	Elapsed: 1.293	Loglikelihood: -5.69678e+06	(delta): 0.974399
9 (QN/Block) 	Elapsed: 1.34	Loglikelihood: -5.69678e+06	(delta): 0.148191
10 (QN/Block) 	Elapsed: 1.302	Loglikelihood: -5.69678e+06	(delta): 0.00467623
11 (QN/Block) 	Elapsed: 1.332	Loglikelihood: -5.69678e+06	(delta): 0.000150762
12 (QN/Block) 	Elapsed: 1.348	Loglikelihood: -5.69678e+06	(delta): 4.49922e-06
Summary: 
Converged in 12 iterations (19.83 sec)
Loglikelihood: -5696784.564972
Fst divergences between estimated populations: 
	Pop0	
Pop0	
Pop1	0.125	
CV error (K=2): 0.58436
Writing output files.
