****                   ADMIXTURE Version 1.3.0                  ****
****                    Copyright 2008-2015                     ****
****           David Alexander, Suyash Shringarpure,            ****
****                John  Novembre, Ken Lange                   ****
****                                                            ****
****                 Please cite our paper!                     ****
****   Information at www.genetics.ucla.edu/software/admixture  ****

Cross-validation will be performed.  Folds=5.
Random seed: 43
Point estimation method: Block relaxation algorithm
Convergence acceleration algorithm: QuasiNewton, 3 secant conditions
Point estimation will terminate when objective function delta < 0.0001
Estimation of standard errors disabled; will compute point estimates only.
Size of G: 165x36931
Performing five EM steps to prime main algorithm
1 (EM) 	Elapsed: 0.71	Loglikelihood: -6.21835e+06	(delta): 3.5832e+06
2 (EM) 	Elapsed: 0.771	Loglikelihood: -6.04159e+06	(delta): 176758
3 (EM) 	Elapsed: 0.762	Loglikelihood: -5.98059e+06	(delta): 60998
4 (EM) 	Elapsed: 0.682	Loglikelihood: -5.94615e+06	(delta): 34440.3
5 (EM) 	Elapsed: 0.674	Loglikelihood: -5.92508e+06	(delta): 21064.1
Initial loglikelihood: -5.92508e+06
Starting main algorithm
1 (QN/Block) 	Elapsed: 1.687	Loglikelihood: -5.74615e+06	(delta): 178936
2 (QN/Block) 	Elapsed: 1.598	Loglikelihood: -5.65356e+06	(delta): 92583.2
3 (QN/Block) 	Elapsed: 1.74	Loglikelihood: -5.63844e+06	(delta): 15120.8
4 (QN/Block) 	Elapsed: 1.721	Loglikelihood: -5.62772e+06	(delta): 10722.3
5 (QN/Block) 	Elapsed: 1.785	Loglikelihood: -5.62271e+06	(delta): 5013.14
6 (QN/Block) 	Elapsed: 1.925	Loglikelihood: -5.62196e+06	(delta): 745.913
7 (QN/Block) 	Elapsed: 1.888	Loglikelihood: -5.62159e+06	(delta): 376.903
8 (QN/Block) 	Elapsed: 1.761	Loglikelihood: -5.62145e+06	(delta): 135.32
9 (QN/Block) 	Elapsed: 1.761	Loglikelihood: -5.62143e+06	(delta): 23.3094
10 (QN/Block) 	Elapsed: 1.753	Loglikelihood: -5.62142e+06	(delta): 5.49153
11 (QN/Block) 	Elapsed: 1.825	Loglikelihood: -5.62142e+06	(delta): 1.12107
12 (QN/Block) 	Elapsed: 1.753	Loglikelihood: -5.62142e+06	(delta): 0.178285
13 (QN/Block) 	Elapsed: 1.737	Loglikelihood: -5.62142e+06	(delta): 0.0200709
14 (QN/Block) 	Elapsed: 1.77	Loglikelihood: -5.62142e+06	(delta): 0.00227911
15 (QN/Block) 	Elapsed: 1.844	Loglikelihood: -5.62142e+06	(delta): 9.51281e-05
Summary: 
Converged in 15 iterations (31.94 sec)
Loglikelihood: -5621420.342068
Fst divergences between estimated populations: 
	Pop0	Pop1	
Pop0	
Pop1	0.128	
Pop2	0.112	0.128	
CV error (K=3): 0.58136
Writing output files.
