****                   ADMIXTURE Version 1.3.0                  ****
****                    Copyright 2008-2015                     ****
****           David Alexander, Suyash Shringarpure,            ****
****                John  Novembre, Ken Lange                   ****
****                                                            ****
****                 Please cite our paper!                     ****
****   Information at www.genetics.ucla.edu/software/admixture  ****

Cross-validation will be performed.  Folds=5.
Random seed: 43
Point estimation method: Block relaxation algorithm
Convergence acceleration algorithm: QuasiNewton, 3 secant conditions
Point estimation will terminate when objective function delta < 0.0001
Estimation of standard errors disabled; will compute point estimates only.
Size of G: 165x36931
Performing five EM steps to prime main algorithm
1 (EM) 	Elapsed: 0.938	Loglikelihood: -6.22045e+06	(delta): 3.18438e+06
2 (EM) 	Elapsed: 0.888	Loglikelihood: -6.04874e+06	(delta): 171711
3 (EM) 	Elapsed: 0.933	Loglikelihood: -5.99176e+06	(delta): 56978.8
4 (EM) 	Elapsed: 0.962	Loglikelihood: -5.95646e+06	(delta): 35295.9
5 (EM) 	Elapsed: 1.08	Loglikelihood: -5.93178e+06	(delta): 24684.3
Initial loglikelihood: -5.93178e+06
Starting main algorithm
1 (QN/Block) 	Elapsed: 2.057	Loglikelihood: -5.67711e+06	(delta): 254668
2 (QN/Block) 	Elapsed: 2.09	Loglikelihood: -5.61079e+06	(delta): 66323.9
3 (QN/Block) 	Elapsed: 2.453	Loglikelihood: -5.59145e+06	(delta): 19340.8
4 (QN/Block) 	Elapsed: 2.564	Loglikelihood: -5.58478e+06	(delta): 6662.35
5 (QN/Block) 	Elapsed: 2.584	Loglikelihood: -5.58283e+06	(delta): 1958.64
6 (QN/Block) 	Elapsed: 2.529	Loglikelihood: -5.5818e+06	(delta): 1021.5
7 (QN/Block) 	Elapsed: 2.41	Loglikelihood: -5.58134e+06	(delta): 465.37
8 (QN/Block) 	Elapsed: 2.385	Loglikelihood: -5.58119e+06	(delta): 146.121
9 (QN/Block) 	Elapsed: 2.294	Loglikelihood: -5.5811e+06	(delta): 95.9358
10 (QN/Block) 	Elapsed: 2.256	Loglikelihood: -5.58107e+06	(delta): 29.5855
11 (QN/Block) 	Elapsed: 2.64	Loglikelihood: -5.58105e+06	(delta): 13.0671
12 (QN/Block) 	Elapsed: 2.287	Loglikelihood: -5.58105e+06	(delta): 6.91741
13 (QN/Block) 	Elapsed: 2.42	Loglikelihood: -5.58104e+06	(delta): 4.07878
14 (QN/Block) 	Elapsed: 2.244	Loglikelihood: -5.58104e+06	(delta): 0.545608
15 (QN/Block) 	Elapsed: 2.148	Loglikelihood: -5.58104e+06	(delta): 0.134184
16 (QN/Block) 	Elapsed: 2.235	Loglikelihood: -5.58104e+06	(delta): 0.037208
17 (QN/Block) 	Elapsed: 2.227	Loglikelihood: -5.58104e+06	(delta): 0.00880909
18 (QN/Block) 	Elapsed: 2.502	Loglikelihood: -5.58104e+06	(delta): 0.00237188
19 (QN/Block) 	Elapsed: 2.332	Loglikelihood: -5.58104e+06	(delta): 0.0012013
20 (QN/Block) 	Elapsed: 2.388	Loglikelihood: -5.58104e+06	(delta): 0.00065898
21 (QN/Block) 	Elapsed: 2.243	Loglikelihood: -5.58104e+06	(delta): 4.31668e-05
Summary: 
Converged in 21 iterations (56.848 sec)
Loglikelihood: -5581041.823661
Fst divergences between estimated populations: 
	Pop0	Pop1	Pop2	
Pop0	
Pop1	0.085	
Pop2	0.140	0.137	
Pop3	0.131	0.138	0.113	
CV error (K=4): 0.58600
Writing output files.
